<?xml version="1.0" encoding="UTF-8"?>
<!-- Generated by org.testng.reporters.JUnitXMLReporter -->
<testsuite hostname="hp-PC" ignored="0" name="Your logo Testcases" tests="9" failures="1" timestamp="09 Dec 2018 14:50:54 GMT" time="547.308" errors="0">
  <testcase name="VerifyHomePageLogotest" time="0.351" classname="com.yourlogo.testcases.HomePageTest"/>
  <testcase name="VerifyHomePageSignInbuttonTest" time="4.47" classname="com.yourlogo.testcases.HomePageTest"/>
  <testcase name="VerifyHomePagetitletest" time="0.014" classname="com.yourlogo.testcases.HomePageTest"/>
  <testcase name="ValidateLoginTest" time="7.91" classname="com.yourlogo.testcases.LoginPageTest"/>
  <testcase name="VerifyLoginPagetitletest" time="0.019" classname="com.yourlogo.testcases.LoginPageTest">
    <failure type="java.lang.AssertionError" message="expected [Loggin - My Store] but found [Login - My Store]">
      <![CDATA[java.lang.AssertionError: expected [Loggin - My Store] but found [Login - My Store]
at com.yourlogo.testcases.LoginPageTest.VerifyLoginPagetitletest(LoginPageTest.java:42)
... Removed 31 stack frames]]>
    </failure>
  </testcase> <!-- VerifyLoginPagetitletest -->
  <testcase name="validateInvalidCreateEmail" time="5.716" classname="com.yourlogo.testcases.LoginPageTest"/>
  <testcase name="VerifyProductAddtoCartTest" time="20.642" classname="com.yourlogo.testcases.QuickViewTest"/>
  <testcase name="VerifyCartPagetitleTest" time="0.732" classname="com.yourlogo.testcases.CartPageTest"/>
  <testcase name="VerifyRegistrationMandatoryFieldsTest" time="4.14" classname="com.yourlogo.testcases.NewCustomerTest"/>
</testsuite> <!-- Your logo Testcases -->
